fatal: Mensaje FATAL
error: Mensaje ERROR
error: undefined {"kind":"ObjectId","path":"_id","reason":{},"stringValue":"\"66733d42cfb12efbc93a3fa\"","value":"66733d42cfb12efbc93a3fa","valueType":"string"}
error: undefined
fatal: Mensaje FATAL
error: Mensaje ERROR
fatal: Mensaje FATAL
error: Mensaje ERROR
fatal: Mensaje FATAL
error: Mensaje ERROR
fatal: Mensaje FATAL
error: Mensaje ERROR
fatal: Mensaje FATAL
error: Mensaje ERROR
fatal: Mensaje FATAL
error: Mensaje ERROR
fatal: Mensaje FATAL
error: Mensaje ERROR
error: undefined
error: undefined
error: undefined {"kind":"ObjectId","path":"_id","reason":{},"stringValue":"\"6699de7378b6dd9ff0ddb2f\"","value":"6699de7378b6dd9ff0ddb2f","valueType":"string"}
error: undefined
error: undefined
error: undefined
error: Handlebars: Access has been denied to resolve the property "role" because it is not an "own property" of its parent.
You can add a runtime option to disable the check or this warning:
See https://handlebarsjs.com/api-reference/runtime-options.html#options-to-control-prototype-access for details
error: Handlebars: Access has been denied to resolve the property "_id" because it is not an "own property" of its parent.
You can add a runtime option to disable the check or this warning:
See https://handlebarsjs.com/api-reference/runtime-options.html#options-to-control-prototype-access for details
error: undefined
error: undefined
error: Hay un error en la conexión. The `uri` parameter to `openUri()` must be a string, got "undefined". Make sure the first parameter to `mongoose.connect()` or `mongoose.createConnection()` is a string. {"stack":"MongooseError: The `uri` parameter to `openUri()` must be a string, got \"undefined\". Make sure the first parameter to `mongoose.connect()` or `mongoose.createConnection()` is a string.\n    at NativeConnection.createClient (/Users/franciscirmi/Desktop/CURSOS/CoderHouse/ProgramacionBackend/Mis Proyectos/coderhouse-backend/desafio-complementario3/node_modules/mongoose/lib/drivers/node-mongodb-native/connection.js:206:11)\n    at NativeConnection.openUri (/Users/franciscirmi/Desktop/CURSOS/CoderHouse/ProgramacionBackend/Mis Proyectos/coderhouse-backend/desafio-complementario3/node_modules/mongoose/lib/connection.js:779:34)\n    at Mongoose.connect (/Users/franciscirmi/Desktop/CURSOS/CoderHouse/ProgramacionBackend/Mis Proyectos/coderhouse-backend/desafio-complementario3/node_modules/mongoose/lib/mongoose.js:404:15)\n    at file:///Users/franciscirmi/Desktop/CURSOS/CoderHouse/ProgramacionBackend/Mis%20Proyectos/coderhouse-backend/desafio-complementario3/src/database.js:8:10\n    at ModuleJob.run (node:internal/modules/esm/module_job:262:25)\n    at async ModuleLoader.import (node:internal/modules/esm/loader:474:24)\n    at async asyncRunEntryPointWithESMLoader (node:internal/modules/run_main:109:5)"}
error: Hay un error en la conexión.
error: Hay un error en la conexión. The `uri` parameter to `openUri()` must be a string, got "undefined". Make sure the first parameter to `mongoose.connect()` or `mongoose.createConnection()` is a string. {"stack":"MongooseError: The `uri` parameter to `openUri()` must be a string, got \"undefined\". Make sure the first parameter to `mongoose.connect()` or `mongoose.createConnection()` is a string.\n    at NativeConnection.createClient (/Users/franciscirmi/Desktop/CURSOS/CoderHouse/ProgramacionBackend/Mis Proyectos/coderhouse-backend/desafio-complementario3/node_modules/mongoose/lib/drivers/node-mongodb-native/connection.js:206:11)\n    at NativeConnection.openUri (/Users/franciscirmi/Desktop/CURSOS/CoderHouse/ProgramacionBackend/Mis Proyectos/coderhouse-backend/desafio-complementario3/node_modules/mongoose/lib/connection.js:779:34)\n    at Mongoose.connect (/Users/franciscirmi/Desktop/CURSOS/CoderHouse/ProgramacionBackend/Mis Proyectos/coderhouse-backend/desafio-complementario3/node_modules/mongoose/lib/mongoose.js:404:15)\n    at file:///Users/franciscirmi/Desktop/CURSOS/CoderHouse/ProgramacionBackend/Mis%20Proyectos/coderhouse-backend/desafio-complementario3/src/database.js:8:10\n    at ModuleJob.run (node:internal/modules/esm/module_job:262:25)\n    at async ModuleLoader.import (node:internal/modules/esm/loader:474:24)\n    at async asyncRunEntryPointWithESMLoader (node:internal/modules/run_main:109:5)"}
