fatal: Mensaje FATAL
error: Mensaje ERROR
error: undefined {"kind":"ObjectId","path":"_id","reason":{},"stringValue":"\"66733d42cfb12efbc93a3fa\"","value":"66733d42cfb12efbc93a3fa","valueType":"string"}
error: undefined
fatal: Mensaje FATAL
error: Mensaje ERROR
fatal: Mensaje FATAL
error: Mensaje ERROR
fatal: Mensaje FATAL
error: Mensaje ERROR
fatal: Mensaje FATAL
error: Mensaje ERROR
fatal: Mensaje FATAL
error: Mensaje ERROR
fatal: Mensaje FATAL
error: Mensaje ERROR
fatal: Mensaje FATAL
error: Mensaje ERROR
error: undefined
error: undefined
error: undefined {"kind":"ObjectId","path":"_id","reason":{},"stringValue":"\"6699de7378b6dd9ff0ddb2f\"","value":"6699de7378b6dd9ff0ddb2f","valueType":"string"}
error: undefined
error: undefined
error: undefined
error: Handlebars: Access has been denied to resolve the property "role" because it is not an "own property" of its parent.
You can add a runtime option to disable the check or this warning:
See https://handlebarsjs.com/api-reference/runtime-options.html#options-to-control-prototype-access for details
error: Handlebars: Access has been denied to resolve the property "_id" because it is not an "own property" of its parent.
You can add a runtime option to disable the check or this warning:
See https://handlebarsjs.com/api-reference/runtime-options.html#options-to-control-prototype-access for details
error: undefined
error: undefined
error: undefined {"kind":"ObjectId","path":"_id","reason":{},"stringValue":"\"{pid}\"","value":"{pid}","valueType":"string"}
error: undefined
error: undefined {"kind":"ObjectId","path":"_id","reason":{},"stringValue":"\"{cid}\"","value":"{cid}","valueType":"string"}
error: undefined
error: undefined {"kind":"ObjectId","path":"_id","reason":{},"stringValue":"\"{cid}\"","value":"{cid}","valueType":"string"}
error: undefined
error: undefined {"kind":"ObjectId","path":"_id","reason":{},"stringValue":"\"{cid}\"","value":"{cid}","valueType":"string"}
error: undefined
error: undefined
error: Here's the report: 


 Error in ./src/docs/Carts/Carts.yaml :
YAMLSyntaxError: All collection items must start at the same column at line 307, column 9:

        products: array
        ^^^^^^^^^^^^^^^…

YAMLSemanticError: Nested mappings are not allowed in compact mappings at line 307, column 19:

        products: array
                  ^^^^^…

YAMLSemanticError: Implicit map keys need to be on a single line at line 307, column 19:

        products: array
                  ^^^^^…

YAMLSemanticError: Nested mappings are not allowed in compact mappings at line 309, column 20:

              _id: 6626f6c948c0130b313bee86
                   ^^^^^^^^^^^^^^^^^^^^^^^^…

YAMLSemanticError: Implicit map keys need to be on a single line at line 309, column 20:

              _id: 6626f6c948c0130b313bee86
                   ^^^^^^^^^^^^^^^^^^^^^^^^…

YAMLSemanticError: Nested mappings are not allowed in compact mappings at line 311, column 22:

              price: 300
                     ^^^…

YAMLSemanticError: Implicit map keys need to be on a single line at line 311, column 22:

              price: 300
                     ^^^…

error: Here's the report: 


 Error in ./src/docs/Carts/Carts.yaml :
YAMLSyntaxError: All collection items must start at the same column at line 307, column 9:

        products: array
        ^^^^^^^^^^^^^^^…

YAMLSemanticError: Nested mappings are not allowed in compact mappings at line 307, column 19:

        products: array
                  ^^^^^…

YAMLSemanticError: Implicit map keys need to be on a single line at line 307, column 19:

        products: array
                  ^^^^^…

YAMLSemanticError: Nested mappings are not allowed in compact mappings at line 309, column 20:

              _id: 6626f6c948c0130b313bee86
                   ^^^^^^^^^^^^^^^^^^^^^^^^…

YAMLSemanticError: Implicit map keys need to be on a single line at line 309, column 20:

              _id: 6626f6c948c0130b313bee86
                   ^^^^^^^^^^^^^^^^^^^^^^^^…

YAMLSemanticError: Nested mappings are not allowed in compact mappings at line 311, column 22:

              price: 300
                     ^^^…

YAMLSemanticError: Implicit map keys need to be on a single line at line 311, column 22:

              price: 300
                     ^^^…

error: Here's the report: 


 Error in ./src/docs/Carts/Carts.yaml :
YAMLSyntaxError: All collection items must start at the same column at line 307, column 9:

        products: array
        ^^^^^^^^^^^^^^^…

YAMLSemanticError: Nested mappings are not allowed in compact mappings at line 307, column 19:

        products: array
                  ^^^^^…

YAMLSemanticError: Implicit map keys need to be on a single line at line 307, column 19:

        products: array
                  ^^^^^…

YAMLSemanticError: Nested mappings are not allowed in compact mappings at line 309, column 20:

              _id: 6626f6c948c0130b313bee86
                   ^^^^^^^^^^^^^^^^^^^^^^^^…

YAMLSemanticError: Implicit map keys need to be on a single line at line 309, column 20:

              _id: 6626f6c948c0130b313bee86
                   ^^^^^^^^^^^^^^^^^^^^^^^^…

YAMLSemanticError: Nested mappings are not allowed in compact mappings at line 311, column 22:

              price: 300
                     ^^^…

YAMLSemanticError: Implicit map keys need to be on a single line at line 311, column 22:

              price: 300
                     ^^^…

error: Here's the report: 


 Error in ./src/docs/Carts/Carts.yaml :
YAMLSyntaxError: All collection items must start at the same column at line 307, column 9:

        products: array
        ^^^^^^^^^^^^^^^…

YAMLSemanticError: Nested mappings are not allowed in compact mappings at line 307, column 19:

        products: array
                  ^^^^^…

YAMLSemanticError: Implicit map keys need to be on a single line at line 307, column 19:

        products: array
                  ^^^^^…

YAMLSemanticError: Nested mappings are not allowed in compact mappings at line 311, column 22:

              price: 300
                     ^^^…

YAMLSemanticError: Implicit map keys need to be on a single line at line 311, column 22:

              price: 300
                     ^^^…

error: undefined
error: undefined
error: undefined
error: undefined
error: undefined
error: undefined
error: undefined
error: undefined
error: undefined
error: El código mock777 ya existe.
error: 
Los datos están incompletos o no son válidos. Se necesita recibir los siguientes datos:
    - Title: se esperaba un String. Se recibió: undefined
    - Description: se esperaba un String. Se recibió: Test
    - Price: se esperaba un Number. Se recibió: 1234
    - Code: se esperaba un String. Se recibió: test123
    - Stock: se esperaba un Number. Se recibió: 50
    - Category: se esperaba un String. Se recibió: Test
    
error: 
Los datos están incompletos o no son válidos. Se necesita recibir los siguientes datos:
    - Title: se esperaba un String. Se recibió: undefined
    - Description: se esperaba un String. Se recibió: Test
    - Price: se esperaba un Number. Se recibió: 1234
    - Code: se esperaba un String. Se recibió: test123
    - Stock: se esperaba un Number. Se recibió: 50
    - Category: se esperaba un String. Se recibió: Test
    
error: 
Los datos están incompletos o no son válidos. Se necesita recibir los siguientes datos:
    - Title: se esperaba un String. Se recibió: undefined
    - Description: se esperaba un String. Se recibió: Test
    - Price: se esperaba un Number. Se recibió: 1234
    - Code: se esperaba un String. Se recibió: test123
    - Stock: se esperaba un Number. Se recibió: 50
    - Category: se esperaba un String. Se recibió: Test
    
error: 
Los datos están incompletos o no son válidos. Se necesita recibir los siguientes datos:
    - Title: se esperaba un String. Se recibió: undefined
    - Description: se esperaba un String. Se recibió: Test
    - Price: se esperaba un Number. Se recibió: 1234
    - Code: se esperaba un String. Se recibió: test123
    - Stock: se esperaba un Number. Se recibió: 50
    - Category: se esperaba un String. Se recibió: Test
    
error: 
Los datos están incompletos o no son válidos. Se necesita recibir los siguientes datos:
    - Title: se esperaba un String. Se recibió: undefined
    - Description: se esperaba un String. Se recibió: Test
    - Price: se esperaba un Number. Se recibió: 1234
    - Code: se esperaba un String. Se recibió: test123
    - Stock: se esperaba un Number. Se recibió: 50
    - Category: se esperaba un String. Se recibió: Test
    
error: 
Los datos están incompletos o no son válidos. Se necesita recibir los siguientes datos:
    - Title: se esperaba un String. Se recibió: undefined
    - Description: se esperaba un String. Se recibió: Test
    - Price: se esperaba un Number. Se recibió: 1234
    - Code: se esperaba un String. Se recibió: test123
    - Stock: se esperaba un Number. Se recibió: 50
    - Category: se esperaba un String. Se recibió: Test
    
error: 
Los datos están incompletos o no son válidos. Se necesita recibir los siguientes datos:
    - Title: se esperaba un String. Se recibió: undefined
    - Description: se esperaba un String. Se recibió: Test
    - Price: se esperaba un Number. Se recibió: 1234
    - Code: se esperaba un String. Se recibió: test123
    - Stock: se esperaba un Number. Se recibió: 50
    - Category: se esperaba un String. Se recibió: Test
    
error: 
Los datos están incompletos o no son válidos. Se necesita recibir los siguientes datos:
    - Title: se esperaba un String. Se recibió: undefined
    - Description: se esperaba un String. Se recibió: Test
    - Price: se esperaba un Number. Se recibió: 1234
    - Code: se esperaba un String. Se recibió: test123
    - Stock: se esperaba un Number. Se recibió: 50
    - Category: se esperaba un String. Se recibió: Test
    
error: 
Los datos están incompletos o no son válidos. Se necesita recibir los siguientes datos:
    - Title: se esperaba un String. Se recibió: undefined
    - Description: se esperaba un String. Se recibió: Test
    - Price: se esperaba un Number. Se recibió: 1234
    - Code: se esperaba un String. Se recibió: test123
    - Stock: se esperaba un Number. Se recibió: 50
    - Category: se esperaba un String. Se recibió: Test
    
error: 
Los datos están incompletos o no son válidos. Se necesita recibir los siguientes datos:
    - Title: se esperaba un String. Se recibió: undefined
    - Description: se esperaba un String. Se recibió: Test
    - Price: se esperaba un Number. Se recibió: 1234
    - Code: se esperaba un String. Se recibió: test123
    - Stock: se esperaba un Number. Se recibió: 50
    - Category: se esperaba un String. Se recibió: Test
    
error: 
Los datos están incompletos o no son válidos. Se necesita recibir los siguientes datos:
    - Title: se esperaba un String. Se recibió: undefined
    - Description: se esperaba un String. Se recibió: Test
    - Price: se esperaba un Number. Se recibió: 1234
    - Code: se esperaba un String. Se recibió: test123
    - Stock: se esperaba un Number. Se recibió: 50
    - Category: se esperaba un String. Se recibió: Test
    
error: 
Los datos están incompletos o no son válidos. Se necesita recibir los siguientes datos:
    - Title: se esperaba un String. Se recibió: undefined
    - Description: se esperaba un String. Se recibió: Test
    - Price: se esperaba un Number. Se recibió: 1234
    - Code: se esperaba un String. Se recibió: test123
    - Stock: se esperaba un Number. Se recibió: 50
    - Category: se esperaba un String. Se recibió: Test
    
error: 
Los datos están incompletos o no son válidos. Se necesita recibir los siguientes datos:
    - Title: se esperaba un String. Se recibió: undefined
    - Description: se esperaba un String. Se recibió: Test
    - Price: se esperaba un Number. Se recibió: 1234
    - Code: se esperaba un String. Se recibió: test123
    - Stock: se esperaba un Number. Se recibió: 50
    - Category: se esperaba un String. Se recibió: Test
    
error: 
Los datos están incompletos o no son válidos. Se necesita recibir los siguientes datos:
    - Title: se esperaba un String. Se recibió: undefined
    - Description: se esperaba un String. Se recibió: Test
    - Price: se esperaba un Number. Se recibió: 1234
    - Code: se esperaba un String. Se recibió: test123
    - Stock: se esperaba un Number. Se recibió: 50
    - Category: se esperaba un String. Se recibió: Test
    
error: 
Los datos están incompletos o no son válidos. Se necesita recibir los siguientes datos:
    - Title: se esperaba un String. Se recibió: undefined
    - Description: se esperaba un String. Se recibió: Test
    - Price: se esperaba un Number. Se recibió: 1234
    - Code: se esperaba un String. Se recibió: test123
    - Stock: se esperaba un Number. Se recibió: 50
    - Category: se esperaba un String. Se recibió: Test
    
error: 
Los datos están incompletos o no son válidos. Se necesita recibir los siguientes datos:
    - Title: se esperaba un String. Se recibió: undefined
    - Description: se esperaba un String. Se recibió: Test
    - Price: se esperaba un Number. Se recibió: 1234
    - Code: se esperaba un String. Se recibió: test123
    - Stock: se esperaba un Number. Se recibió: 50
    - Category: se esperaba un String. Se recibió: Test
    
error: 
Los datos están incompletos o no son válidos. Se necesita recibir los siguientes datos:
    - Title: se esperaba un String. Se recibió: undefined
    - Description: se esperaba un String. Se recibió: Test
    - Price: se esperaba un Number. Se recibió: 1234
    - Code: se esperaba un String. Se recibió: test123
    - Stock: se esperaba un Number. Se recibió: 50
    - Category: se esperaba un String. Se recibió: Test
    
error: 
Los datos están incompletos o no son válidos. Se necesita recibir los siguientes datos:
    - Title: se esperaba un String. Se recibió: undefined
    - Description: se esperaba un String. Se recibió: Test
    - Price: se esperaba un Number. Se recibió: 1234
    - Code: se esperaba un String. Se recibió: test123
    - Stock: se esperaba un Number. Se recibió: 50
    - Category: se esperaba un String. Se recibió: Test
    
error: 
Los datos están incompletos o no son válidos. Se necesita recibir los siguientes datos:
    - Title: se esperaba un String. Se recibió: undefined
    - Description: se esperaba un String. Se recibió: Test
    - Price: se esperaba un Number. Se recibió: 1234
    - Code: se esperaba un String. Se recibió: test123
    - Stock: se esperaba un Number. Se recibió: 50
    - Category: se esperaba un String. Se recibió: Test
    
error: 
Los datos están incompletos o no son válidos. Se necesita recibir los siguientes datos:
    - Title: se esperaba un String. Se recibió: undefined
    - Description: se esperaba un String. Se recibió: Test
    - Price: se esperaba un Number. Se recibió: 1234
    - Code: se esperaba un String. Se recibió: test123
    - Stock: se esperaba un Number. Se recibió: 50
    - Category: se esperaba un String. Se recibió: Test
    
error: 
Los datos están incompletos o no son válidos. Se necesita recibir los siguientes datos:
    - Title: se esperaba un String. Se recibió: undefined
    - Description: se esperaba un String. Se recibió: Test
    - Price: se esperaba un Number. Se recibió: 1234
    - Code: se esperaba un String. Se recibió: test123
    - Stock: se esperaba un Number. Se recibió: 50
    - Category: se esperaba un String. Se recibió: Test
    
error: 
Los datos están incompletos o no son válidos. Se necesita recibir los siguientes datos:
    - Title: se esperaba un String. Se recibió: undefined
    - Description: se esperaba un String. Se recibió: Test
    - Price: se esperaba un Number. Se recibió: 1234
    - Code: se esperaba un String. Se recibió: test123
    - Stock: se esperaba un Number. Se recibió: 50
    - Category: se esperaba un String. Se recibió: Test
    
error: 
Los datos están incompletos o no son válidos. Se necesita recibir los siguientes datos:
    - Title: se esperaba un String. Se recibió: undefined
    - Description: se esperaba un String. Se recibió: Test
    - Price: se esperaba un Number. Se recibió: 1234
    - Code: se esperaba un String. Se recibió: test123
    - Stock: se esperaba un Number. Se recibió: 50
    - Category: se esperaba un String. Se recibió: Test
    
error: 
Los datos están incompletos o no son válidos. Se necesita recibir los siguientes datos:
    - Title: se esperaba un String. Se recibió: undefined
    - Description: se esperaba un String. Se recibió: Test
    - Price: se esperaba un Number. Se recibió: 1234
    - Code: se esperaba un String. Se recibió: test123
    - Stock: se esperaba un Number. Se recibió: 50
    - Category: se esperaba un String. Se recibió: Test
    
error: 
Los datos están incompletos o no son válidos. Se necesita recibir los siguientes datos:
    - Title: se esperaba un String. Se recibió: undefined
    - Description: se esperaba un String. Se recibió: Test
    - Price: se esperaba un Number. Se recibió: 1234
    - Code: se esperaba un String. Se recibió: test123
    - Stock: se esperaba un Number. Se recibió: 50
    - Category: se esperaba un String. Se recibió: Test
    
error: 
Los datos están incompletos o no son válidos. Se necesita recibir los siguientes datos:
    - Title: se esperaba un String. Se recibió: undefined
    - Description: se esperaba un String. Se recibió: Test
    - Price: se esperaba un Number. Se recibió: 1234
    - Code: se esperaba un String. Se recibió: test123
    - Stock: se esperaba un Number. Se recibió: 50
    - Category: se esperaba un String. Se recibió: Test
    
error: 
Los datos están incompletos o no son válidos. Se necesita recibir los siguientes datos:
    - Title: se esperaba un String. Se recibió: undefined
    - Description: se esperaba un String. Se recibió: Test
    - Price: se esperaba un Number. Se recibió: 1234
    - Code: se esperaba un String. Se recibió: test123
    - Stock: se esperaba un Number. Se recibió: 50
    - Category: se esperaba un String. Se recibió: Test
    
error: 
Los datos están incompletos o no son válidos. Se necesita recibir los siguientes datos:
    - Title: se esperaba un String. Se recibió: undefined
    - Description: se esperaba un String. Se recibió: Test
    - Price: se esperaba un Number. Se recibió: 1234
    - Code: se esperaba un String. Se recibió: test123
    - Stock: se esperaba un Number. Se recibió: 50
    - Category: se esperaba un String. Se recibió: Test
    
error: 
Los datos están incompletos o no son válidos. Se necesita recibir los siguientes datos:
    - Title: se esperaba un String. Se recibió: undefined
    - Description: se esperaba un String. Se recibió: Test
    - Price: se esperaba un Number. Se recibió: 1234
    - Code: se esperaba un String. Se recibió: test123
    - Stock: se esperaba un Number. Se recibió: 50
    - Category: se esperaba un String. Se recibió: Test
    
error: 
Los datos están incompletos o no son válidos. Se necesita recibir los siguientes datos:
    - Title: se esperaba un String. Se recibió: undefined
    - Description: se esperaba un String. Se recibió: Test
    - Price: se esperaba un Number. Se recibió: 1234
    - Code: se esperaba un String. Se recibió: test123
    - Stock: se esperaba un Number. Se recibió: 50
    - Category: se esperaba un String. Se recibió: Test
    
error: 
Los datos están incompletos o no son válidos. Se necesita recibir los siguientes datos:
    - Title: se esperaba un String. Se recibió: undefined
    - Description: se esperaba un String. Se recibió: Test
    - Price: se esperaba un Number. Se recibió: 1234
    - Code: se esperaba un String. Se recibió: test123
    - Stock: se esperaba un Number. Se recibió: 50
    - Category: se esperaba un String. Se recibió: Test
    
error: 
Los datos están incompletos o no son válidos. Se necesita recibir los siguientes datos:
    - Title: se esperaba un String. Se recibió: undefined
    - Description: se esperaba un String. Se recibió: Test
    - Price: se esperaba un Number. Se recibió: 1234
    - Code: se esperaba un String. Se recibió: test123
    - Stock: se esperaba un Number. Se recibió: 50
    - Category: se esperaba un String. Se recibió: Test
    
error: 
Los datos están incompletos o no son válidos. Se necesita recibir los siguientes datos:
    - Title: se esperaba un String. Se recibió: undefined
    - Description: se esperaba un String. Se recibió: Test
    - Price: se esperaba un Number. Se recibió: 1234
    - Code: se esperaba un String. Se recibió: test123
    - Stock: se esperaba un Number. Se recibió: 50
    - Category: se esperaba un String. Se recibió: Test
    
error: 
Los datos están incompletos o no son válidos. Se necesita recibir los siguientes datos:
    - Title: se esperaba un String. Se recibió: undefined
    - Description: se esperaba un String. Se recibió: Test
    - Price: se esperaba un Number. Se recibió: 1234
    - Code: se esperaba un String. Se recibió: test123
    - Stock: se esperaba un Number. Se recibió: 50
    - Category: se esperaba un String. Se recibió: Test
    
error: 
Los datos están incompletos o no son válidos. Se necesita recibir los siguientes datos:
    - Title: se esperaba un String. Se recibió: undefined
    - Description: se esperaba un String. Se recibió: undefined
    - Price: se esperaba un Number. Se recibió: undefined
    - Code: se esperaba un String. Se recibió: undefined
    - Stock: se esperaba un Number. Se recibió: undefined
    - Category: se esperaba un String. Se recibió: undefined
    
error: 
Los datos están incompletos o no son válidos. Se necesita recibir los siguientes datos:
    - Title: se esperaba un String. Se recibió: undefined
    - Description: se esperaba un String. Se recibió: Test
    - Price: se esperaba un Number. Se recibió: 1234
    - Code: se esperaba un String. Se recibió: test123
    - Stock: se esperaba un Number. Se recibió: 50
    - Category: se esperaba un String. Se recibió: Test
    
error: 
Los datos están incompletos o no son válidos. Se necesita recibir los siguientes datos:
    - Title: se esperaba un String. Se recibió: undefined
    - Description: se esperaba un String. Se recibió: Test description
    - Price: se esperaba un Number. Se recibió: 1234
    - Code: se esperaba un String. Se recibió: test123
    - Stock: se esperaba un Number. Se recibió: 50
    - Category: se esperaba un String. Se recibió: Test
    
error: 
Los datos están incompletos o no son válidos. Se necesita recibir los siguientes datos:
    - Title: se esperaba un String. Se recibió: undefined
    - Description: se esperaba un String. Se recibió: Test description
    - Price: se esperaba un Number. Se recibió: 1234
    - Code: se esperaba un String. Se recibió: test123
    - Stock: se esperaba un Number. Se recibió: 50
    - Category: se esperaba un String. Se recibió: Test
    
error: Hay un error en la conexión. The `uri` parameter to `openUri()` must be a string, got "undefined". Make sure the first parameter to `mongoose.connect()` or `mongoose.createConnection()` is a string. {"stack":"MongooseError: The `uri` parameter to `openUri()` must be a string, got \"undefined\". Make sure the first parameter to `mongoose.connect()` or `mongoose.createConnection()` is a string.\n    at NativeConnection.createClient (/Users/franciscirmi/Desktop/CURSOS/CoderHouse/ProgramacionBackend/Mis Proyectos/coderhouse-backend/desafio-complementario4/node_modules/mongoose/lib/drivers/node-mongodb-native/connection.js:206:11)\n    at NativeConnection.openUri (/Users/franciscirmi/Desktop/CURSOS/CoderHouse/ProgramacionBackend/Mis Proyectos/coderhouse-backend/desafio-complementario4/node_modules/mongoose/lib/connection.js:779:34)\n    at Mongoose.connect (/Users/franciscirmi/Desktop/CURSOS/CoderHouse/ProgramacionBackend/Mis Proyectos/coderhouse-backend/desafio-complementario4/node_modules/mongoose/lib/mongoose.js:404:15)\n    at file:///Users/franciscirmi/Desktop/CURSOS/CoderHouse/ProgramacionBackend/Mis%20Proyectos/coderhouse-backend/desafio-complementario4/src/database.js:8:10\n    at ModuleJob.run (node:internal/modules/esm/module_job:262:25)\n    at async ModuleLoader.import (node:internal/modules/esm/loader:474:24)\n    at async asyncRunEntryPointWithESMLoader (node:internal/modules/run_main:109:5)"}
error: Hay un error en la conexión. Could not connect to any servers in your MongoDB Atlas cluster. One common reason is that you're trying to access the database from an IP that isn't whitelisted. Make sure your current IP address is on your Atlas cluster's IP whitelist: https://www.mongodb.com/docs/atlas/security-whitelist/ {"reason":{"commonWireVersion":0,"compatible":true,"heartbeatFrequencyMS":10000,"localThresholdMS":15,"logicalSessionTimeoutMinutes":null,"maxElectionId":null,"maxSetVersion":null,"servers":{},"setName":"atlas-ji1rhf-shard-0","stale":false,"type":"ReplicaSetNoPrimary"},"stack":"MongooseServerSelectionError: Could not connect to any servers in your MongoDB Atlas cluster. One common reason is that you're trying to access the database from an IP that isn't whitelisted. Make sure your current IP address is on your Atlas cluster's IP whitelist: https://www.mongodb.com/docs/atlas/security-whitelist/\n    at _handleConnectionErrors (/Users/franciscirmi/Desktop/CURSOS/CoderHouse/ProgramacionBackend/Mis Proyectos/coderhouse-backend/desafio-complementario4/node_modules/mongoose/lib/connection.js:829:11)\n    at NativeConnection.openUri (/Users/franciscirmi/Desktop/CURSOS/CoderHouse/ProgramacionBackend/Mis Proyectos/coderhouse-backend/desafio-complementario4/node_modules/mongoose/lib/connection.js:804:11)"}
error: undefined
error: undefined
error: undefined
error: undefined
error: undefined
